<?xml version="1.0" encoding="UTF-8" ?>
<testsuite tests="1" failures="0" name="com.ae.TestAEusingTestNGTest" time="0.014" errors="0" skipped="0">
  <properties>
    <property name="java.runtime.name" value="Java(TM) SE Runtime Environment"/>
    <property name="sun.boot.library.path" value="/cdrom/Satnam Backup/jdk1.8.0_231/jre/lib/amd64"/>
    <property name="java.vm.version" value="25.231-b11"/>
    <property name="java.vm.vendor" value="Oracle Corporation"/>
    <property name="maven.multiModuleProjectDirectory" value="/cdrom/Satnam Backup/Testing-AE-using-TestNG-and-Selenium-Webdriver/Testing-AE-using-TestNG-and-Selenium-Webdriver"/>
    <property name="java.vendor.url" value="http://java.oracle.com/"/>
    <property name="path.separator" value=":"/>
    <property name="guice.disable.misplaced.annotation.check" value="true"/>
    <property name="java.vm.name" value="Java HotSpot(TM) 64-Bit Server VM"/>
    <property name="file.encoding.pkg" value="sun.io"/>
    <property name="user.country" value="US"/>
    <property name="sun.java.launcher" value="SUN_STANDARD"/>
    <property name="sun.os.patch.level" value="unknown"/>
    <property name="java.vm.specification.name" value="Java Virtual Machine Specification"/>
    <property name="user.dir" value="/cdrom/Satnam Backup/Testing-AE-using-TestNG-and-Selenium-Webdriver/Testing-AE-using-TestNG-and-Selenium-Webdriver"/>
    <property name="java.runtime.version" value="1.8.0_231-b11"/>
    <property name="java.awt.graphicsenv" value="sun.awt.X11GraphicsEnvironment"/>
    <property name="java.endorsed.dirs" value="/cdrom/Satnam Backup/jdk1.8.0_231/jre/lib/endorsed"/>
    <property name="os.arch" value="amd64"/>
    <property name="java.io.tmpdir" value="/tmp"/>
    <property name="line.separator" value="
"/>
    <property name="java.vm.specification.vendor" value="Oracle Corporation"/>
    <property name="os.name" value="Linux"/>
    <property name="classworlds.conf" value="/home/ubuntu/Documents/workspace-sts-3.9.10.RELEASE/.metadata/.plugins/org.eclipse.m2e.launching/launches/m2conf7199329161376835531.tmp"/>
    <property name="jansi.force" value="true"/>
    <property name="sun.jnu.encoding" value="UTF-8"/>
    <property name="java.library.path" value="/usr/java/packages/lib/amd64:/usr/lib64:/lib64:/lib:/usr/lib"/>
    <property name="java.specification.name" value="Java Platform API Specification"/>
    <property name="java.class.version" value="52.0"/>
    <property name="sun.management.compiler" value="HotSpot 64-Bit Tiered Compilers"/>
    <property name="os.version" value="4.18.0-10-generic"/>
    <property name="user.home" value="/home/ubuntu"/>
    <property name="user.timezone" value="Etc/UTC"/>
    <property name="java.awt.printerjob" value="sun.print.PSPrinterJob"/>
    <property name="java.specification.version" value="1.8"/>
    <property name="file.encoding" value="UTF-8"/>
    <property name="user.name" value="ubuntu"/>
    <property name="java.class.path" value="/cdrom/Satnam Backup/sts-bundle/sts-3.9.10.RELEASE/plugins/org.eclipse.m2e.maven.runtime_1.13.0.20190716-1623/jars/plexus-classworlds-2.6.0.jar"/>
    <property name="java.vm.specification.version" value="1.8"/>
    <property name="sun.arch.data.model" value="64"/>
    <property name="java.home" value="/cdrom/Satnam Backup/jdk1.8.0_231/jre"/>
    <property name="sun.java.command" value="org.codehaus.plexus.classworlds.launcher.Launcher -B test -Dstyle.color=always"/>
    <property name="java.specification.vendor" value="Oracle Corporation"/>
    <property name="user.language" value="en"/>
    <property name="awt.toolkit" value="sun.awt.X11.XToolkit"/>
    <property name="java.vm.info" value="mixed mode"/>
    <property name="java.version" value="1.8.0_231"/>
    <property name="java.ext.dirs" value="/cdrom/Satnam Backup/jdk1.8.0_231/jre/lib/ext:/usr/java/packages/lib/ext"/>
    <property name="securerandom.source" value="file:/dev/./urandom"/>
    <property name="sun.boot.class.path" value="/cdrom/Satnam Backup/jdk1.8.0_231/jre/lib/resources.jar:/cdrom/Satnam Backup/jdk1.8.0_231/jre/lib/rt.jar:/cdrom/Satnam Backup/jdk1.8.0_231/jre/lib/sunrsasign.jar:/cdrom/Satnam Backup/jdk1.8.0_231/jre/lib/jsse.jar:/cdrom/Satnam Backup/jdk1.8.0_231/jre/lib/jce.jar:/cdrom/Satnam Backup/jdk1.8.0_231/jre/lib/charsets.jar:/cdrom/Satnam Backup/jdk1.8.0_231/jre/lib/jfr.jar:/cdrom/Satnam Backup/jdk1.8.0_231/jre/classes"/>
    <property name="java.vendor" value="Oracle Corporation"/>
    <property name="maven.home" value="/cdrom/Satnam Backup/Testing-AE-using-TestNG-and-Selenium-Webdriver/Testing-AE-using-TestNG-and-Selenium-Webdriver/EMBEDDED"/>
    <property name="style.color" value="always"/>
    <property name="file.separator" value="/"/>
    <property name="java.vendor.url.bug" value="http://bugreport.sun.com/bugreport/"/>
    <property name="sun.cpu.endian" value="little"/>
    <property name="sun.io.unicode.encoding" value="UnicodeLittle"/>
    <property name="sun.desktop" value="gnome"/>
    <property name="sun.cpu.isalist" value=""/>
  </properties>
  <testcase classname="com.ae.TestAEusingTestNGTest" name="f" time="0.014"/>
</testsuite>