<?xml version="1.0" encoding="UTF-8"?>
<!-- Generated by org.testng.reporters.JUnitReportReporter -->
<testsuite skipped="0" hostname="ubuntu" name="com.ae.TestAEusingTestNG" tests="4" failures="0" timestamp="2019-11-15T01:32:02 UTC" time="142.482" errors="0">
  <testcase name="SearchProduct" time="8.232" classname="com.ae.TestAEusingTestNG"/>
  <testcase name="CheckoutCard" time="92.810" classname="com.ae.TestAEusingTestNG"/>
  <testcase name="AddProductToCard" time="25.517" classname="com.ae.TestAEusingTestNG"/>
  <testcase name="PlaceOrder" time="15.923" classname="com.ae.TestAEusingTestNG"/>
</testsuite> <!-- com.ae.TestAEusingTestNG -->
