<?xml version="1.0" encoding="UTF-8"?>
<!-- Generated by org.testng.reporters.JUnitReportReporter -->
<testsuite skipped="0" hostname="ubuntu" name="com.ae.TestAEusingTestNGTest" tests="4" failures="0" timestamp="2019-11-15T01:56:57 UTC" time="95.265" errors="0">
  <testcase name="SearchProduct" time="9.456" classname="com.ae.TestAEusingTestNGTest"/>
  <testcase name="AddProductToCard" time="29.823" classname="com.ae.TestAEusingTestNGTest"/>
  <testcase name="PlaceOrder" time="18.689" classname="com.ae.TestAEusingTestNGTest"/>
  <testcase name="CheckoutCard" time="37.297" classname="com.ae.TestAEusingTestNGTest"/>
</testsuite> <!-- com.ae.TestAEusingTestNGTest -->
