<?xml version="1.0" encoding="UTF-8"?>
<!-- Generated by org.testng.reporters.JUnitReportReporter -->
<testsuite skipped="0" hostname="ubuntu" name="com.ae.TestAEusingTestNG" tests="5" failures="0" timestamp="2019-11-15T15:22:24 UTC" time="76.806" errors="0">
  <testcase name="TestPaymentType" time="11.052" classname="com.ae.TestAEusingTestNG"/>
  <testcase name="SearchProduct" time="8.002" classname="com.ae.TestAEusingTestNG"/>
  <testcase name="CheckoutCard" time="19.038" classname="com.ae.TestAEusingTestNG"/>
  <testcase name="PlaceOrder" time="13.716" classname="com.ae.TestAEusingTestNG"/>
  <testcase name="AddProductToCard" time="24.998" classname="com.ae.TestAEusingTestNG"/>
</testsuite> <!-- com.ae.TestAEusingTestNG -->
