<?xml version="1.0" encoding="UTF-8"?>
<!-- Generated by org.testng.reporters.JUnitReportReporter -->
<testsuite hostname="ubuntu" name="com.ae.TestAEusingTestNGTest" tests="1" failures="0" timestamp="15 Nov 2019 01:37:33 GMT" time="0.012" errors="0">
  <testcase name="f" time="0.012" classname="com.ae.TestAEusingTestNGTest"/>
</testsuite> <!-- com.ae.TestAEusingTestNGTest -->
